<?xml version="1.0" encoding="UTF-8"?>
<!-- Generated by org.testng.reporters.JUnitXMLReporter -->
<testsuite ignored="2" hostname="adalvi-mbpro" failures="2" tests="3" name="Test" time="65.0" errors="0" timestamp="2023-10-07T23:08:09 CDT">
  <testcase classname="com.qa.tests.AppIntro" name="appIntroScreens" time="18.95"/>
  <testcase classname="com.qa.tests.LoginTests" name="LoginTest" time="13.137">
    <failure type="org.openqa.selenium.NoSuchElementException" message="An element could not be located on the page using the given search parameters.
For documentation on this error, please visit: https://www.selenium.dev/documentation/webdriver/troubleshooting/errors#no-such-element-exception
Build info: version: &amp;apos;4.13.0&amp;apos;, revision: &amp;apos;ba948ece5b*&amp;apos;
System info: os.name: &amp;apos;Mac OS X&amp;apos;, os.arch: &amp;apos;x86_64&amp;apos;, os.version: &amp;apos;14.0&amp;apos;, java.version: &amp;apos;17.0.2&amp;apos;
Driver info: io.appium.java_client.android.AndroidDriver
Command: [502fe3c7-ebe8-4d05-bac6-624390546232, findElement {using=xpath, value=//android.widget.LinearLayout[@content-desc=&amp;quot;EXPLORE&amp;quot;]}]
Capabilities {appium:app: /Users/adalvi/eclipse-works..., appium:appPacakge: com.golfnow.android.teetime..., appium:appPackage: com.golfnow.android.teetime..., appium:appWaitActivity: crc64e5c6674ddac44752.AppEn..., appium:automationName: UiAutomator2, appium:databaseEnabled: false, appium:desired: {app: /Users/adalvi/eclipse-works..., appPacakge: com.golfnow.android.teetime..., appWaitActivity: crc64e5c6674ddac44752.AppEn..., automationName: UiAutomator2, deviceName: pixel_4_xl, platformName: ANDROID, udid: emulator-5554}, appium:deviceApiLevel: 31, appium:deviceManufacturer: Google, appium:deviceModel: sdk_gphone64_x86_64, appium:deviceName: emulator-5554, appium:deviceScreenDensity: 560, appium:deviceScreenSize: 1440x3040, appium:deviceUDID: emulator-5554, appium:javascriptEnabled: true, appium:locationContextEnabled: false, appium:networkConnectionEnabled: true, appium:pixelRatio: 3.5, appium:platformVersion: 12, appium:statBarHeight: 84, appium:takesScreenshot: true, appium:udid: emulator-5554, appium:viewportRect: {height: 2788, left: 0, top: 84, width: 1440}, appium:warnings: {}, appium:webStorageEnabled: false, platformName: ANDROID}
Session ID: 502fe3c7-ebe8-4d05-bac6-624390546232">
      <![CDATA[org.openqa.selenium.NoSuchElementException: An element could not be located on the page using the given search parameters.
For documentation on this error, please visit: https://www.selenium.dev/documentation/webdriver/troubleshooting/errors#no-such-element-exception
Build info: version: '4.13.0', revision: 'ba948ece5b*'
System info: os.name: 'Mac OS X', os.arch: 'x86_64', os.version: '14.0', java.version: '17.0.2'
Driver info: io.appium.java_client.android.AndroidDriver
Command: [502fe3c7-ebe8-4d05-bac6-624390546232, findElement {using=xpath, value=//android.widget.LinearLayout[@content-desc="EXPLORE"]}]
Capabilities {appium:app: /Users/adalvi/eclipse-works..., appium:appPacakge: com.golfnow.android.teetime..., appium:appPackage: com.golfnow.android.teetime..., appium:appWaitActivity: crc64e5c6674ddac44752.AppEn..., appium:automationName: UiAutomator2, appium:databaseEnabled: false, appium:desired: {app: /Users/adalvi/eclipse-works..., appPacakge: com.golfnow.android.teetime..., appWaitActivity: crc64e5c6674ddac44752.AppEn..., automationName: UiAutomator2, deviceName: pixel_4_xl, platformName: ANDROID, udid: emulator-5554}, appium:deviceApiLevel: 31, appium:deviceManufacturer: Google, appium:deviceModel: sdk_gphone64_x86_64, appium:deviceName: emulator-5554, appium:deviceScreenDensity: 560, appium:deviceScreenSize: 1440x3040, appium:deviceUDID: emulator-5554, appium:javascriptEnabled: true, appium:locationContextEnabled: false, appium:networkConnectionEnabled: true, appium:pixelRatio: 3.5, appium:platformVersion: 12, appium:statBarHeight: 84, appium:takesScreenshot: true, appium:udid: emulator-5554, appium:viewportRect: {height: 2788, left: 0, top: 84, width: 1440}, appium:warnings: {}, appium:webStorageEnabled: false, platformName: ANDROID}
Session ID: 502fe3c7-ebe8-4d05-bac6-624390546232
at org.openqa.selenium.remote.codec.w3c.W3CHttpResponseCodec.createException(W3CHttpResponseCodec.java:200)
at org.openqa.selenium.remote.codec.w3c.W3CHttpResponseCodec.decode(W3CHttpResponseCodec.java:133)
at org.openqa.selenium.remote.codec.w3c.W3CHttpResponseCodec.decode(W3CHttpResponseCodec.java:52)
at org.openqa.selenium.remote.HttpCommandExecutor.execute(HttpCommandExecutor.java:191)
at io.appium.java_client.remote.AppiumCommandExecutor.execute(AppiumCommandExecutor.java:262)
at org.openqa.selenium.remote.RemoteWebDriver.execute(RemoteWebDriver.java:602)
at org.openqa.selenium.remote.ElementLocation$ElementFinder$2.findElement(ElementLocation.java:165)
at org.openqa.selenium.remote.ElementLocation.findElement(ElementLocation.java:59)
at org.openqa.selenium.remote.RemoteWebDriver.findElement(RemoteWebDriver.java:359)
at org.openqa.selenium.remote.RemoteWebDriver.findElement(RemoteWebDriver.java:353)
at com.qa.tests.LoginTests.LoginTest(LoginTests.java:95)
at java.base/java.util.ArrayList.forEach(ArrayList.java:1511)
... Removed 32 stack frames]]>
    </failure>
  </testcase> <!-- LoginTest -->
  <testcase classname="com.qa.tests.LoginTests" name="invalidUserName" time="0.306">
    <failure type="org.openqa.selenium.NoSuchElementException" message="An element could not be located on the page using the given search parameters.
For documentation on this error, please visit: https://www.selenium.dev/documentation/webdriver/troubleshooting/errors#no-such-element-exception
Build info: version: &amp;apos;4.13.0&amp;apos;, revision: &amp;apos;ba948ece5b*&amp;apos;
System info: os.name: &amp;apos;Mac OS X&amp;apos;, os.arch: &amp;apos;x86_64&amp;apos;, os.version: &amp;apos;14.0&amp;apos;, java.version: &amp;apos;17.0.2&amp;apos;
Driver info: io.appium.java_client.android.AndroidDriver
Command: [502fe3c7-ebe8-4d05-bac6-624390546232, findElement {using=xpath, value=//android.widget.LinearLayout[@content-desc=&amp;quot;EXPLORE&amp;quot;]}]
Capabilities {appium:app: /Users/adalvi/eclipse-works..., appium:appPacakge: com.golfnow.android.teetime..., appium:appPackage: com.golfnow.android.teetime..., appium:appWaitActivity: crc64e5c6674ddac44752.AppEn..., appium:automationName: UiAutomator2, appium:databaseEnabled: false, appium:desired: {app: /Users/adalvi/eclipse-works..., appPacakge: com.golfnow.android.teetime..., appWaitActivity: crc64e5c6674ddac44752.AppEn..., automationName: UiAutomator2, deviceName: pixel_4_xl, platformName: ANDROID, udid: emulator-5554}, appium:deviceApiLevel: 31, appium:deviceManufacturer: Google, appium:deviceModel: sdk_gphone64_x86_64, appium:deviceName: emulator-5554, appium:deviceScreenDensity: 560, appium:deviceScreenSize: 1440x3040, appium:deviceUDID: emulator-5554, appium:javascriptEnabled: true, appium:locationContextEnabled: false, appium:networkConnectionEnabled: true, appium:pixelRatio: 3.5, appium:platformVersion: 12, appium:statBarHeight: 84, appium:takesScreenshot: true, appium:udid: emulator-5554, appium:viewportRect: {height: 2788, left: 0, top: 84, width: 1440}, appium:warnings: {}, appium:webStorageEnabled: false, platformName: ANDROID}
Session ID: 502fe3c7-ebe8-4d05-bac6-624390546232">
      <![CDATA[org.openqa.selenium.NoSuchElementException: An element could not be located on the page using the given search parameters.
For documentation on this error, please visit: https://www.selenium.dev/documentation/webdriver/troubleshooting/errors#no-such-element-exception
Build info: version: '4.13.0', revision: 'ba948ece5b*'
System info: os.name: 'Mac OS X', os.arch: 'x86_64', os.version: '14.0', java.version: '17.0.2'
Driver info: io.appium.java_client.android.AndroidDriver
Command: [502fe3c7-ebe8-4d05-bac6-624390546232, findElement {using=xpath, value=//android.widget.LinearLayout[@content-desc="EXPLORE"]}]
Capabilities {appium:app: /Users/adalvi/eclipse-works..., appium:appPacakge: com.golfnow.android.teetime..., appium:appPackage: com.golfnow.android.teetime..., appium:appWaitActivity: crc64e5c6674ddac44752.AppEn..., appium:automationName: UiAutomator2, appium:databaseEnabled: false, appium:desired: {app: /Users/adalvi/eclipse-works..., appPacakge: com.golfnow.android.teetime..., appWaitActivity: crc64e5c6674ddac44752.AppEn..., automationName: UiAutomator2, deviceName: pixel_4_xl, platformName: ANDROID, udid: emulator-5554}, appium:deviceApiLevel: 31, appium:deviceManufacturer: Google, appium:deviceModel: sdk_gphone64_x86_64, appium:deviceName: emulator-5554, appium:deviceScreenDensity: 560, appium:deviceScreenSize: 1440x3040, appium:deviceUDID: emulator-5554, appium:javascriptEnabled: true, appium:locationContextEnabled: false, appium:networkConnectionEnabled: true, appium:pixelRatio: 3.5, appium:platformVersion: 12, appium:statBarHeight: 84, appium:takesScreenshot: true, appium:udid: emulator-5554, appium:viewportRect: {height: 2788, left: 0, top: 84, width: 1440}, appium:warnings: {}, appium:webStorageEnabled: false, platformName: ANDROID}
Session ID: 502fe3c7-ebe8-4d05-bac6-624390546232
at org.openqa.selenium.remote.codec.w3c.W3CHttpResponseCodec.createException(W3CHttpResponseCodec.java:200)
at org.openqa.selenium.remote.codec.w3c.W3CHttpResponseCodec.decode(W3CHttpResponseCodec.java:133)
at org.openqa.selenium.remote.codec.w3c.W3CHttpResponseCodec.decode(W3CHttpResponseCodec.java:52)
at org.openqa.selenium.remote.HttpCommandExecutor.execute(HttpCommandExecutor.java:191)
at io.appium.java_client.remote.AppiumCommandExecutor.execute(AppiumCommandExecutor.java:262)
at org.openqa.selenium.remote.RemoteWebDriver.execute(RemoteWebDriver.java:602)
at org.openqa.selenium.remote.ElementLocation$ElementFinder$2.findElement(ElementLocation.java:165)
at org.openqa.selenium.remote.ElementLocation.findElement(ElementLocation.java:59)
at org.openqa.selenium.remote.RemoteWebDriver.findElement(RemoteWebDriver.java:359)
at org.openqa.selenium.remote.RemoteWebDriver.findElement(RemoteWebDriver.java:353)
at com.qa.tests.LoginTests.invalidUserName(LoginTests.java:104)
at java.base/java.util.ArrayList.forEach(ArrayList.java:1511)
... Removed 32 stack frames]]>
    </failure>
  </testcase> <!-- invalidUserName -->
  <testcase classname="com.qa.BaseTest" name="@AfterTest afterTest" time="0.0">
    <ignored/>
  </testcase> <!-- @AfterTest afterTest -->
  <testcase classname="com.qa.BaseTest" name="@BeforeTest beforeTest" time="0.0">
    <ignored/>
  </testcase> <!-- @BeforeTest beforeTest -->
</testsuite> <!-- Test -->
